<?xml version="1.0" encoding="UTF-8"?>
<testsuite xmlns:xsi="http://www.w3.org/2001/XMLSchema-instance" xsi:noNamespaceSchemaLocation="https://maven.apache.org/surefire/maven-surefire-plugin/xsd/surefire-test-report-3.0.xsd" version="3.0" name="TestSuite" time="135.431" tests="4" errors="0" skipped="0" failures="0">
  <properties>
[...]
</properties>
  <testcase name="isRedirectionCorrect" classname="com.atmecs.practo.testscripts.SelectPharmacyTestScript" time="0.016"/>
  <testcase name="clickDepartment" classname="com.atmecs.practo.testscripts.SelectPharmacyTestScript" time="2.496"/>
  <testcase name="productSelect" classname="com.atmecs.practo.testscripts.SelectProductTestScript" time="105.332"/>
  <testcase name="checkout" classname="com.atmecs.practo.testscripts.ProductCheckoutTestScript" time="5.605"/>
</testsuite>