<?xml version="1.0" encoding="UTF-8"?>
<testng-results skipped="0" failed="0" ignored="0" total="4" passed="4">
  <reporter-output>
  </reporter-output>
  <suite name="Suite" duration-ms="114778" started-at="2019-09-20T12:17:10Z" finished-at="2019-09-20T12:19:05Z">
    <groups>
    </groups>
    <test name="Test" duration-ms="114778" started-at="2019-09-20T12:17:10Z" finished-at="2019-09-20T12:19:05Z">
      <class name="com.atmecs.practo.testscripts.SelectPharmacyTestScript">
        <test-method status="PASS" signature="intitailizeBrowser()[pri:0, instance:com.atmecs.practo.testscripts.SelectPharmacyTestScript@343f4d3d]" name="intitailizeBrowser" is-config="true" duration-ms="19262" started-at="2019-09-20T12:16:51Z" finished-at="2019-09-20T12:17:10Z">
          <reporter-output>
          </reporter-output>
        </test-method> <!-- intitailizeBrowser -->
        <test-method status="PASS" signature="isRedirectionCorrect()[pri:1, instance:com.atmecs.practo.testscripts.SelectPharmacyTestScript@343f4d3d]" name="isRedirectionCorrect" duration-ms="32" started-at="2019-09-20T12:17:10Z" finished-at="2019-09-20T12:17:10Z">
          <reporter-output>
          </reporter-output>
        </test-method> <!-- isRedirectionCorrect -->
        <test-method status="PASS" signature="clickDepartment()[pri:2, instance:com.atmecs.practo.testscripts.SelectPharmacyTestScript@343f4d3d]" name="clickDepartment" duration-ms="2508" started-at="2019-09-20T12:17:10Z" finished-at="2019-09-20T12:17:13Z">
          <reporter-output>
          </reporter-output>
        </test-method> <!-- clickDepartment -->
        <test-method status="PASS" signature="clodeDriver()[pri:0, instance:com.atmecs.practo.testscripts.SelectPharmacyTestScript@343f4d3d]" name="clodeDriver" is-config="true" duration-ms="72" started-at="2019-09-20T12:19:05Z" finished-at="2019-09-20T12:19:05Z">
          <reporter-output>
          </reporter-output>
        </test-method> <!-- clodeDriver -->
      </class> <!-- com.atmecs.practo.testscripts.SelectPharmacyTestScript -->
      <class name="com.atmecs.practo.testscripts.SelectProductTestScript">
        <test-method status="PASS" signature="productSelect(java.lang.String)[pri:3, instance:com.atmecs.practo.testscripts.SelectProductTestScript@53b32d7]" name="productSelect" duration-ms="105331" started-at="2019-09-20T12:17:14Z" data-provider="productinput" finished-at="2019-09-20T12:18:59Z">
          <params>
            <param index="0">
              <value>
                <![CDATA[pain]]>
              </value>
            </param>
          </params>
          <reporter-output>
          </reporter-output>
        </test-method> <!-- productSelect -->
      </class> <!-- com.atmecs.practo.testscripts.SelectProductTestScript -->
      <class name="com.atmecs.practo.testscripts.ProductCheckoutTestScript">
        <test-method status="PASS" signature="checkout(java.lang.String)[pri:4, instance:com.atmecs.practo.testscripts.ProductCheckoutTestScript@5442a311]" name="checkout" duration-ms="5606" started-at="2019-09-20T12:18:59Z" data-provider="cityinput" finished-at="2019-09-20T12:19:05Z">
          <params>
            <param index="0">
              <value>
                <![CDATA[Hyderabad]]>
              </value>
            </param>
          </params>
          <reporter-output>
          </reporter-output>
        </test-method> <!-- checkout -->
      </class> <!-- com.atmecs.practo.testscripts.ProductCheckoutTestScript -->
    </test> <!-- Test -->
  </suite> <!-- Suite -->
</testng-results>
