<?xml version="1.0" encoding="UTF-8"?>
<!-- Generated by org.testng.reporters.JUnitXMLReporter -->
<testsuite hostname="ATMECSINLT-033" ignored="4" name="Default test" tests="4" failures="0" timestamp="19 Sep 2019 14:19:09 GMT" time="109.807" errors="0">
  <testcase name="isRedirectionCorrect" time="0.028" classname="com.atmecs.practo.testscripts.SelectPharmacyTestScript"/>
  <testcase name="clickDepartment" time="2.898" classname="com.atmecs.practo.testscripts.SelectPharmacyTestScript"/>
  <testcase name="productSelect" time="101.618" classname="com.atmecs.practo.testscripts.SelectProductTestScript"/>
  <testcase name="checkout" time="5.226" classname="com.atmecs.practo.testscripts.ProductCheckoutTestScript"/>
  <testcase name="@BeforeSuite intitailizeBrowser" time="0.0" classname="com.atmecs.practo.testbase.TestBase">
    <ignored/>
  </testcase> <!-- @BeforeSuite intitailizeBrowser -->
  <testcase name="@BeforeSuite intitailizeBrowser" time="0.0" classname="com.atmecs.practo.testbase.TestBase">
    <ignored/>
  </testcase> <!-- @BeforeSuite intitailizeBrowser -->
  <testcase name="@BeforeSuite intitailizeBrowser" time="0.0" classname="com.atmecs.practo.testbase.TestBase">
    <ignored/>
  </testcase> <!-- @BeforeSuite intitailizeBrowser -->
  <testcase name="@BeforeSuite intitailizeBrowser" time="0.0" classname="com.atmecs.practo.testbase.TestBase">
    <ignored/>
  </testcase> <!-- @BeforeSuite intitailizeBrowser -->
</testsuite> <!-- Default test -->
