<?xml version="1.0" encoding="UTF-8"?>
<!-- Generated by org.testng.reporters.JUnitXMLReporter -->
<testsuite hostname="ATMECSINLT-033" ignored="0" name="HomepageTest" tests="2" failures="0" timestamp="23 Sep 2019 13:30:40 GMT" time="37.195" errors="0">
  <testcase name="isRedirectionCorrect" time="0.034" classname="com.atmecs.practo.testscripts.SelectPharmacyTestScript"/>
  <testcase name="clickDepartment" time="15.103" classname="com.atmecs.practo.testscripts.SelectPharmacyTestScript"/>
</testsuite> <!-- HomepageTest -->
