<?xml version="1.0" encoding="UTF-8"?>
<!-- Generated by org.testng.reporters.JUnitXMLReporter -->
<testsuite hostname="ATMECSINLT-033" ignored="0" name="Test" tests="4" failures="0" timestamp="20 Sep 2019 12:19:05 GMT" time="114.778" errors="0">
  <testcase name="isRedirectionCorrect" time="0.032" classname="com.atmecs.practo.testscripts.SelectPharmacyTestScript"/>
  <testcase name="clickDepartment" time="2.508" classname="com.atmecs.practo.testscripts.SelectPharmacyTestScript"/>
  <testcase name="productSelect" time="105.331" classname="com.atmecs.practo.testscripts.SelectProductTestScript"/>
  <testcase name="checkout" time="5.606" classname="com.atmecs.practo.testscripts.ProductCheckoutTestScript"/>
</testsuite> <!-- Test -->
