<?xml version="1.0" encoding="UTF-8"?>
<!-- Generated by org.testng.reporters.JUnitXMLReporter -->
<testsuite hostname="ATMECSINLT-033" ignored="0" name="HomepageTest" tests="2" failures="0" timestamp="23 Sep 2019 10:35:33 GMT" time="59.03" errors="0">
  <testcase name="isRedirectionCorrect" time="0.07" classname="com.atmecs.practo.testscripts.SelectPharmacyTestScript"/>
  <testcase name="clickDepartment" time="17.886" classname="com.atmecs.practo.testscripts.SelectPharmacyTestScript"/>
</testsuite> <!-- HomepageTest -->
