<?xml version="1.0" encoding="UTF-8"?>
<!-- Generated by org.testng.reporters.JUnitXMLReporter -->
<testsuite hostname="ATMECSINLT-033" ignored="0" name="HomepgeTest" tests="1" failures="1" timestamp="23 Sep 2019 09:41:15 GMT" time="0.799" errors="0">
  <testcase name="productSelect" time="0.032" classname="com.atmecs.practo.testscripts.SelectProductTestScript">
    <failure type="java.lang.NullPointerException">
      <![CDATA[java.lang.NullPointerException
at java.util.Objects.requireNonNull(Objects.java:203)
at org.openqa.selenium.support.ui.FluentWait.<init>(FluentWait.java:106)
at org.openqa.selenium.support.ui.FluentWait.<init>(FluentWait.java:97)
at com.atmecs.practo.helper.CommonUtlity.clickElement(CommonUtlity.java:23)
at com.atmecs.practo.pages.Pharmacy.selectDepartment(Pharmacy.java:18)
at com.atmecs.practo.testscripts.SelectProductTestScript.productSelect(SelectProductTestScript.java:17)
... Removed 25 stack frames]]>
    </failure>
  </testcase> <!-- productSelect -->
</testsuite> <!-- HomepgeTest -->
