<?xml version="1.0" encoding="UTF-8"?>
<testng-results skipped="0" failed="1" ignored="18" total="23" passed="4">
  <reporter-output>
  </reporter-output>
  <suite name="Default suite" duration-ms="206218" started-at="2019-09-23T13:34:24Z" finished-at="2019-09-23T13:37:50Z">
    <groups>
    </groups>
    <test name="Default test" duration-ms="206218" started-at="2019-09-23T13:34:24Z" finished-at="2019-09-23T13:37:50Z">
      <class name="com.atmecs.practo.validation.SelectProductValidation">
        <test-method status="PASS" signature="intitailizeBrowser()[pri:0, instance:com.atmecs.practo.validation.SelectProductValidation@5a8806ef]" name="intitailizeBrowser" is-config="true" duration-ms="20638" started-at="2019-09-23T13:34:24Z" finished-at="2019-09-23T13:34:45Z">
          <reporter-output>
          </reporter-output>
        </test-method> <!-- intitailizeBrowser -->
        <test-method status="PASS" signature="clodeDriver()[pri:0, instance:com.atmecs.practo.validation.SelectProductValidation@5a8806ef]" name="clodeDriver" is-config="true" duration-ms="113" started-at="2019-09-23T13:37:50Z" finished-at="2019-09-23T13:37:50Z">
          <reporter-output>
          </reporter-output>
        </test-method> <!-- clodeDriver -->
      </class> <!-- com.atmecs.practo.validation.SelectProductValidation -->
      <class name="com.atmecs.practo.testscripts.SelectPharmacyTestScript">
        <test-method status="PASS" signature="isRedirectionCorrect()[pri:1, instance:com.atmecs.practo.testscripts.SelectPharmacyTestScript@6c49835d]" name="isRedirectionCorrect" duration-ms="40" started-at="2019-09-23T13:34:45Z" finished-at="2019-09-23T13:34:45Z">
          <reporter-output>
          </reporter-output>
        </test-method> <!-- isRedirectionCorrect -->
        <test-method status="PASS" signature="clickDepartment()[pri:2, instance:com.atmecs.practo.testscripts.SelectPharmacyTestScript@6c49835d]" name="clickDepartment" duration-ms="18088" started-at="2019-09-23T13:34:45Z" finished-at="2019-09-23T13:35:03Z">
          <reporter-output>
          </reporter-output>
        </test-method> <!-- clickDepartment -->
      </class> <!-- com.atmecs.practo.testscripts.SelectPharmacyTestScript -->
      <class name="com.atmecs.practo.testscripts.SelectProductTestScript">
        <test-method status="PASS" signature="productSelect(java.lang.String)[pri:3, instance:com.atmecs.practo.testscripts.SelectProductTestScript@5e853265]" name="productSelect" duration-ms="112788" started-at="2019-09-23T13:35:06Z" data-provider="productinput" finished-at="2019-09-23T13:36:59Z">
          <params>
            <param index="0">
              <value>
                <![CDATA[pain]]>
              </value>
            </param>
          </params>
          <reporter-output>
          </reporter-output>
        </test-method> <!-- productSelect -->
      </class> <!-- com.atmecs.practo.testscripts.SelectProductTestScript -->
      <class name="com.atmecs.practo.testscripts.ProductCheckoutTestScript">
        <test-method status="FAIL" signature="productSelect(java.lang.String)[pri:4, instance:com.atmecs.practo.testscripts.ProductCheckoutTestScript@67205a84]" name="productSelect" duration-ms="42938" started-at="2019-09-23T13:36:59Z" data-provider="productinput" finished-at="2019-09-23T13:37:42Z">
          <params>
            <param index="0">
              <value>
                <![CDATA[pain]]>
              </value>
            </param>
          </params>
          <exception class="org.openqa.selenium.NoSuchElementException">
            <message>
              <![CDATA[no such element: Unable to locate element: {"method":"xpath","selector":"//div[text()='Pharmacy']"}
  (Session info: chrome=76.0.3809.132)
For documentation on this error, please visit: https://www.seleniumhq.org/exceptions/no_such_element.html
Build info: version: '4.0.0-alpha-2', revision: 'f148142cf8', time: '2019-07-01T20:55:26'
System info: host: 'ATMECSINLT-033', ip: '55.55.52.127', os.name: 'Windows 10', os.arch: 'amd64', os.version: '10.0', java.version: '1.8.0_221'
Driver info: org.openqa.selenium.chrome.ChromeDriver
Capabilities {acceptInsecureCerts: false, browserName: chrome, browserVersion: 76.0.3809.132, chrome: {chromedriverVersion: 76.0.3809.126 (d80a294506b4..., userDataDir: C:\Users\RISHAV~1.KUM\AppDa...}, goog:chromeOptions: {debuggerAddress: localhost:58129}, javascriptEnabled: true, networkConnectionEnabled: false, pageLoadStrategy: normal, platform: XP, platformName: XP, proxy: Proxy(), setWindowRect: true, strictFileInteractability: false, timeouts: {implicit: 0, pageLoad: 300000, script: 30000}, unhandledPromptBehavior: dismiss and notify}
Session ID: 56342073ce5ed87d777b0eb620c0ba7b
*** Element info: {Using=xpath, value=//div[text()='Pharmacy']}]]>
            </message>
            <full-stacktrace>
              <![CDATA[org.openqa.selenium.NoSuchElementException: no such element: Unable to locate element: {"method":"xpath","selector":"//div[text()='Pharmacy']"}
  (Session info: chrome=76.0.3809.132)
For documentation on this error, please visit: https://www.seleniumhq.org/exceptions/no_such_element.html
Build info: version: '4.0.0-alpha-2', revision: 'f148142cf8', time: '2019-07-01T20:55:26'
System info: host: 'ATMECSINLT-033', ip: '55.55.52.127', os.name: 'Windows 10', os.arch: 'amd64', os.version: '10.0', java.version: '1.8.0_221'
Driver info: org.openqa.selenium.chrome.ChromeDriver
Capabilities {acceptInsecureCerts: false, browserName: chrome, browserVersion: 76.0.3809.132, chrome: {chromedriverVersion: 76.0.3809.126 (d80a294506b4..., userDataDir: C:\Users\RISHAV~1.KUM\AppDa...}, goog:chromeOptions: {debuggerAddress: localhost:58129}, javascriptEnabled: true, networkConnectionEnabled: false, pageLoadStrategy: normal, platform: XP, platformName: XP, proxy: Proxy(), setWindowRect: true, strictFileInteractability: false, timeouts: {implicit: 0, pageLoad: 300000, script: 30000}, unhandledPromptBehavior: dismiss and notify}
Session ID: 56342073ce5ed87d777b0eb620c0ba7b
*** Element info: {Using=xpath, value=//div[text()='Pharmacy']}
at sun.reflect.GeneratedConstructorAccessor16.newInstance(Unknown Source)
at sun.reflect.DelegatingConstructorAccessorImpl.newInstance(DelegatingConstructorAccessorImpl.java:45)
at java.lang.reflect.Constructor.newInstance(Constructor.java:423)
at org.openqa.selenium.remote.codec.w3c.W3CHttpResponseCodec.createException(W3CHttpResponseCodec.java:191)
at org.openqa.selenium.remote.codec.w3c.W3CHttpResponseCodec.decode(W3CHttpResponseCodec.java:125)
at org.openqa.selenium.remote.codec.w3c.W3CHttpResponseCodec.decode(W3CHttpResponseCodec.java:52)
at org.openqa.selenium.remote.HttpCommandExecutor.execute(HttpCommandExecutor.java:161)
at org.openqa.selenium.remote.service.DriverCommandExecutor.execute(DriverCommandExecutor.java:83)
at org.openqa.selenium.remote.RemoteWebDriver.execute(RemoteWebDriver.java:576)
at org.openqa.selenium.remote.RemoteWebDriver.findElement(RemoteWebDriver.java:327)
at org.openqa.selenium.remote.RemoteWebDriver.findElementByXPath(RemoteWebDriver.java:445)
at org.openqa.selenium.By$ByXPath.findElement(By.java:353)
at org.openqa.selenium.remote.RemoteWebDriver.findElement(RemoteWebDriver.java:319)
at com.atmecs.practo.helper.CommonUtlity$1.apply(CommonUtlity.java:28)
at com.atmecs.practo.helper.CommonUtlity$1.apply(CommonUtlity.java:1)
at org.openqa.selenium.support.ui.FluentWait.until(FluentWait.java:249)
at com.atmecs.practo.helper.CommonUtlity.clickElement(CommonUtlity.java:26)
at com.atmecs.practo.pages.Pharmacy.selectDepartment(Pharmacy.java:22)
at com.atmecs.practo.testscripts.ProductCheckoutTestScript.productSelect(ProductCheckoutTestScript.java:24)
at sun.reflect.NativeMethodAccessorImpl.invoke0(Native Method)
at sun.reflect.NativeMethodAccessorImpl.invoke(NativeMethodAccessorImpl.java:62)
at sun.reflect.DelegatingMethodAccessorImpl.invoke(DelegatingMethodAccessorImpl.java:43)
at java.lang.reflect.Method.invoke(Method.java:498)
at org.testng.internal.MethodInvocationHelper.invokeMethod(MethodInvocationHelper.java:124)
at org.testng.internal.Invoker.invokeMethod(Invoker.java:583)
at org.testng.internal.Invoker.invokeTestMethod(Invoker.java:719)
at org.testng.internal.Invoker.invokeTestMethods(Invoker.java:989)
at org.testng.internal.TestMethodWorker.invokeTestMethods(TestMethodWorker.java:125)
at org.testng.internal.TestMethodWorker.run(TestMethodWorker.java:109)
at org.testng.TestRunner.privateRun(TestRunner.java:648)
at org.testng.TestRunner.run(TestRunner.java:505)
at org.testng.SuiteRunner.runTest(SuiteRunner.java:455)
at org.testng.SuiteRunner.runSequentially(SuiteRunner.java:450)
at org.testng.SuiteRunner.privateRun(SuiteRunner.java:415)
at org.testng.SuiteRunner.run(SuiteRunner.java:364)
at org.testng.SuiteRunnerWorker.runSuite(SuiteRunnerWorker.java:52)
at org.testng.SuiteRunnerWorker.run(SuiteRunnerWorker.java:84)
at org.testng.TestNG.runSuitesSequentially(TestNG.java:1208)
at org.testng.TestNG.runSuitesLocally(TestNG.java:1137)
at org.testng.TestNG.runSuites(TestNG.java:1049)
at org.testng.TestNG.run(TestNG.java:1017)
at org.testng.remote.AbstractRemoteTestNG.run(AbstractRemoteTestNG.java:115)
at org.testng.remote.RemoteTestNG.initAndRun(RemoteTestNG.java:251)
at org.testng.remote.RemoteTestNG.main(RemoteTestNG.java:77)
]]>
            </full-stacktrace>
          </exception> <!-- org.openqa.selenium.NoSuchElementException -->
          <reporter-output>
          </reporter-output>
        </test-method> <!-- productSelect -->
        <test-method status="PASS" signature="checkout(java.lang.String)[pri:5, instance:com.atmecs.practo.testscripts.ProductCheckoutTestScript@67205a84]" name="checkout" duration-ms="8601" started-at="2019-09-23T13:37:42Z" data-provider="cityinput" finished-at="2019-09-23T13:37:50Z">
          <params>
            <param index="0">
              <value>
                <![CDATA[Hyderabad]]>
              </value>
            </param>
          </params>
          <reporter-output>
          </reporter-output>
        </test-method> <!-- checkout -->
      </class> <!-- com.atmecs.practo.testscripts.ProductCheckoutTestScript -->
    </test> <!-- Default test -->
  </suite> <!-- Default suite -->
</testng-results>
