<?xml version="1.0" encoding="UTF-8"?>
<testng-results skipped="0" failed="0" ignored="4" total="8" passed="4">
  <reporter-output>
  </reporter-output>
  <suite name="Default suite" duration-ms="109807" started-at="2019-09-19T14:17:20Z" finished-at="2019-09-19T14:19:09Z">
    <groups>
    </groups>
    <test name="Default test" duration-ms="109807" started-at="2019-09-19T14:17:20Z" finished-at="2019-09-19T14:19:09Z">
      <class name="com.atmecs.practo.testscripts.SelectPharmacyTestScript">
        <test-method status="PASS" signature="intitailizeBrowser()[pri:0, instance:com.atmecs.practo.testscripts.SelectPharmacyTestScript@6e1567f1]" name="intitailizeBrowser" is-config="true" duration-ms="19829" started-at="2019-09-19T14:17:00Z" finished-at="2019-09-19T14:17:20Z">
          <reporter-output>
          </reporter-output>
        </test-method> <!-- intitailizeBrowser -->
        <test-method status="PASS" signature="isRedirectionCorrect()[pri:1, instance:com.atmecs.practo.testscripts.SelectPharmacyTestScript@6e1567f1]" name="isRedirectionCorrect" duration-ms="28" started-at="2019-09-19T14:17:20Z" finished-at="2019-09-19T14:17:20Z">
          <reporter-output>
          </reporter-output>
        </test-method> <!-- isRedirectionCorrect -->
        <test-method status="PASS" signature="clickDepartment()[pri:2, instance:com.atmecs.practo.testscripts.SelectPharmacyTestScript@6e1567f1]" name="clickDepartment" duration-ms="2898" started-at="2019-09-19T14:17:20Z" finished-at="2019-09-19T14:17:23Z">
          <reporter-output>
          </reporter-output>
        </test-method> <!-- clickDepartment -->
      </class> <!-- com.atmecs.practo.testscripts.SelectPharmacyTestScript -->
      <class name="com.atmecs.practo.testscripts.SelectProductTestScript">
        <test-method status="PASS" signature="productSelect()[pri:3, instance:com.atmecs.practo.testscripts.SelectProductTestScript@5cb9f472]" name="productSelect" duration-ms="101618" started-at="2019-09-19T14:17:23Z" finished-at="2019-09-19T14:19:04Z">
          <reporter-output>
          </reporter-output>
        </test-method> <!-- productSelect -->
      </class> <!-- com.atmecs.practo.testscripts.SelectProductTestScript -->
      <class name="com.atmecs.practo.testscripts.ProductCheckoutTestScript">
        <test-method status="PASS" signature="checkout()[pri:4, instance:com.atmecs.practo.testscripts.ProductCheckoutTestScript@cb644e]" name="checkout" duration-ms="5226" started-at="2019-09-19T14:19:04Z" finished-at="2019-09-19T14:19:09Z">
          <reporter-output>
          </reporter-output>
        </test-method> <!-- checkout -->
      </class> <!-- com.atmecs.practo.testscripts.ProductCheckoutTestScript -->
    </test> <!-- Default test -->
  </suite> <!-- Default suite -->
</testng-results>
